# JRE version: OpenJDK Runtime Environment (21.0.3) (build 21.0.3+-12282718-b509.11)
# Java VM: OpenJDK 64-Bit Server VM (21.0.3+-12282718-b509.11, mixed mode, tiered, compressed oops, compressed class ptrs, g1 gc, windows-amd64)
GC Precious Log:
 CardTable entry size: 512
 Card Set container configuration: InlinePtr #cards 5 size 8 Array Of Cards #cards 12 size 40 Howl #buckets 4 coarsen threshold 1843 Howl Bitmap #cards 512 size 80 coarsen threshold 460 Card regions per heap region 1 cards per card region 2048
 CPUs: 4 total, 4 available
 Memory: 3503M
 Large Page Support: Disabled
 NUMA Support: Disabled
 Compressed Oops: Enabled (32-bit)
 Heap Region Size: 1M
 Heap Min Capacity: 8M
 Heap Initial Capacity: 56M
 Heap Max Capacity: 876M
 Pre-touch: Disabled
 Parallel Workers: 4
 Concurrent Workers: 1
 Concurrent Refinement Workers: 4
 Periodic GC: Disabled
Heap:
 garbage-first heap   total 132096K, used 74175K [0x00000000c9400000, 0x0000000100000000)
  region size 1024K, 2 young (2048K), 2 survivors (2048K)
 Metaspace       used 80214K, committed 80896K, reserved 1179648K
  class space    used 8550K, committed 8896K, reserved 1048576K
GC Heap History (20 events):
Event: 20.546 GC heap after
{Heap after GC invocations=26 (full 0):
 garbage-first heap   total 79872K, used 49723K [0x00000000c9400000, 0x0000000100000000)
  region size 1024K, 1 young (1024K), 1 survivors (1024K)
 Metaspace       used 58454K, committed 59200K, reserved 1114112K
  class space    used 6775K, committed 7168K, reserved 1048576K
}
Event: 22.141 GC heap before
{Heap before GC invocations=27 (full 0):
 garbage-first heap   total 99328K, used 72251K [0x00000000c9400000, 0x0000000100000000)
  region size 1024K, 23 young (23552K), 1 survivors (1024K)
 Metaspace       used 59630K, committed 60416K, reserved 1114112K
  class space    used 6802K, committed 7168K, reserved 1048576K
}
Event: 22.155 GC heap after
{Heap after GC invocations=28 (full 0):
 garbage-first heap   total 99328K, used 52169K [0x00000000c9400000, 0x0000000100000000)
  region size 1024K, 3 young (3072K), 3 survivors (3072K)
 Metaspace       used 59630K, committed 60416K, reserved 1114112K
  class space    used 6802K, committed 7168K, reserved 1048576K
}
Event: 25.987 GC heap before
{Heap before GC invocations=28 (full 0):
 garbage-first heap   total 99328K, used 84937K [0x00000000c9400000, 0x0000000100000000)
  region size 1024K, 35 young (35840K), 3 survivors (3072K)
 Metaspace       used 61216K, committed 61952K, reserved 1114112K
  class space    used 6853K, committed 7232K, reserved 1048576K
}
Event: 26.010 GC heap after
{Heap after GC invocations=29 (full 0):
 garbage-first heap   total 99328K, used 56818K [0x00000000c9400000, 0x0000000100000000)
  region size 1024K, 5 young (5120K), 5 survivors (5120K)
 Metaspace       used 61216K, committed 61952K, reserved 1114112K
  class space    used 6853K, committed 7232K, reserved 1048576K
}
Event: 28.201 GC heap before
{Heap before GC invocations=29 (full 0):
 garbage-first heap   total 99328K, used 86514K [0x00000000c9400000, 0x0000000100000000)
  region size 1024K, 34 young (34816K), 5 survivors (5120K)
 Metaspace       used 61598K, committed 62336K, reserved 1114112K
  class space    used 6865K, committed 7232K, reserved 1048576K
}
Event: 28.221 GC heap after
{Heap after GC invocations=30 (full 0):
 garbage-first heap   total 99328K, used 58753K [0x00000000c9400000, 0x0000000100000000)
  region size 1024K, 3 young (3072K), 3 survivors (3072K)
 Metaspace       used 61598K, committed 62336K, reserved 1114112K
  class space    used 6865K, committed 7232K, reserved 1048576K
}
Event: 30.618 GC heap before
{Heap before GC invocations=31 (full 0):
 garbage-first heap   total 101376K, used 88449K [0x00000000c9400000, 0x0000000100000000)
  region size 1024K, 32 young (32768K), 3 survivors (3072K)
 Metaspace       used 63510K, committed 64256K, reserved 1114112K
  class space    used 7062K, committed 7424K, reserved 1048576K
}
Event: 30.634 GC heap after
{Heap after GC invocations=32 (full 0):
 garbage-first heap   total 101376K, used 60810K [0x00000000c9400000, 0x0000000100000000)
  region size 1024K, 2 young (2048K), 2 survivors (2048K)
 Metaspace       used 63510K, committed 64256K, reserved 1114112K
  class space    used 7062K, committed 7424K, reserved 1048576K
}
Event: 32.469 GC heap before
{Heap before GC invocations=32 (full 0):
 garbage-first heap   total 101376K, used 91530K [0x00000000c9400000, 0x0000000100000000)
  region size 1024K, 32 young (32768K), 2 survivors (2048K)
 Metaspace       used 68528K, committed 69312K, reserved 1114112K
  class space    used 7509K, committed 7872K, reserved 1048576K
}
Event: 32.491 GC heap after
{Heap after GC invocations=33 (full 0):
 garbage-first heap   total 101376K, used 62983K [0x00000000c9400000, 0x0000000100000000)
  region size 1024K, 4 young (4096K), 4 survivors (4096K)
 Metaspace       used 68528K, committed 69312K, reserved 1114112K
  class space    used 7509K, committed 7872K, reserved 1048576K
}
Event: 34.801 GC heap before
{Heap before GC invocations=33 (full 0):
 garbage-first heap   total 101376K, used 90631K [0x00000000c9400000, 0x0000000100000000)
  region size 1024K, 31 young (31744K), 4 survivors (4096K)
 Metaspace       used 70763K, committed 71552K, reserved 1114112K
  class space    used 7754K, committed 8128K, reserved 1048576K
}
Event: 34.833 GC heap after
{Heap after GC invocations=34 (full 0):
 garbage-first heap   total 101376K, used 67713K [0x00000000c9400000, 0x0000000100000000)
  region size 1024K, 4 young (4096K), 4 survivors (4096K)
 Metaspace       used 70763K, committed 71552K, reserved 1114112K
  class space    used 7754K, committed 8128K, reserved 1048576K
}
Event: 36.321 GC heap before
{Heap before GC invocations=35 (full 0):
 garbage-first heap   total 117760K, used 89217K [0x00000000c9400000, 0x0000000100000000)
  region size 1024K, 25 young (25600K), 4 survivors (4096K)
 Metaspace       used 75131K, committed 75904K, reserved 1179648K
  class space    used 8127K, committed 8512K, reserved 1048576K
}
Event: 36.339 GC heap after
{Heap after GC invocations=36 (full 0):
 garbage-first heap   total 117760K, used 68979K [0x00000000c9400000, 0x0000000100000000)
  region size 1024K, 1 young (1024K), 1 survivors (1024K)
 Metaspace       used 75131K, committed 75904K, reserved 1179648K
  class space    used 8127K, committed 8512K, reserved 1048576K
}
Event: 37.550 GC heap before
{Heap before GC invocations=36 (full 0):
 garbage-first heap   total 117760K, used 104819K [0x00000000c9400000, 0x0000000100000000)
  region size 1024K, 37 young (37888K), 1 survivors (1024K)
 Metaspace       used 79008K, committed 79808K, reserved 1179648K
  class space    used 8490K, committed 8896K, reserved 1048576K
}
Event: 37.572 GC heap after
{Heap after GC invocations=37 (full 0):
 garbage-first heap   total 117760K, used 72069K [0x00000000c9400000, 0x0000000100000000)
  region size 1024K, 5 young (5120K), 5 survivors (5120K)
 Metaspace       used 79008K, committed 79808K, reserved 1179648K
  class space    used 8490K, committed 8896K, reserved 1048576K
}
Event: 38.745 GC heap before
{Heap before GC invocations=37 (full 0):
 garbage-first heap   total 117760K, used 104837K [0x00000000c9400000, 0x0000000100000000)
  region size 1024K, 37 young (37888K), 5 survivors (5120K)
 Metaspace       used 79703K, committed 80448K, reserved 1179648K
  class space    used 8509K, committed 8896K, reserved 1048576K
}
Event: 38.770 GC heap after
{Heap after GC invocations=38 (full 0):
 garbage-first heap   total 117760K, used 73487K [0x00000000c9400000, 0x0000000100000000)
  region size 1024K, 1 young (1024K), 1 survivors (1024K)
 Metaspace       used 79703K, committed 80448K, reserved 1179648K
  class space    used 8509K, committed 8896K, reserved 1048576K
}
Event: 40.179 GC heap before
{Heap before GC invocations=39 (full 0):
 garbage-first heap   total 132096K, used 107279K [0x00000000c9400000, 0x0000000100000000)
  region size 1024K, 34 young (34816K), 1 survivors (1024K)
 Metaspace       used 80214K, committed 80896K, reserved 1179648K
  class space    used 8550K, committed 8896K, reserved 1048576K
}

