# JRE version: OpenJDK Runtime Environment (21.0.3) (build 21.0.3+-12282718-b509.11)
# Java VM: OpenJDK 64-Bit Server VM (21.0.3+-12282718-b509.11, mixed mode, tiered, compressed oops, compressed class ptrs, g1 gc, windows-amd64)
GC Precious Log:
 CardTable entry size: 512
 Card Set container configuration: InlinePtr #cards 5 size 8 Array Of Cards #cards 12 size 40 Howl #buckets 4 coarsen threshold 1843 Howl Bitmap #cards 512 size 80 coarsen threshold 460 Card regions per heap region 1 cards per card region 2048
 CPUs: 4 total, 4 available
 Memory: 3503M
 Large Page Support: Disabled
 NUMA Support: Disabled
 Compressed Oops: Enabled (32-bit)
 Heap Region Size: 1M
 Heap Min Capacity: 8M
 Heap Initial Capacity: 56M
 Heap Max Capacity: 2G
 Pre-touch: Disabled
 Parallel Workers: 4
 Concurrent Workers: 1
 Concurrent Refinement Workers: 4
 Periodic GC: Disabled
Heap:
 garbage-first heap   total 239616K, used 137393K [0x0000000080000000, 0x0000000100000000)
  region size 1024K, 12 young (12288K), 12 survivors (12288K)
 Metaspace       used 131335K, committed 133632K, reserved 1179648K
  class space    used 17849K, committed 19008K, reserved 1048576K
GC Heap History (20 events):
Event: 32.326 GC heap after
{Heap after GC invocations=49 (full 0):
 garbage-first heap   total 190464K, used 96377K [0x0000000080000000, 0x0000000100000000)
  region size 1024K, 7 young (7168K), 7 survivors (7168K)
 Metaspace       used 95244K, committed 97152K, reserved 1179648K
  class space    used 12918K, committed 13888K, reserved 1048576K
}
Event: 34.165 GC heap before
{Heap before GC invocations=49 (full 0):
 garbage-first heap   total 190464K, used 172153K [0x0000000080000000, 0x0000000100000000)
  region size 1024K, 81 young (82944K), 7 survivors (7168K)
 Metaspace       used 100713K, committed 102720K, reserved 1179648K
  class space    used 13782K, committed 14784K, reserved 1048576K
}
Event: 34.182 GC heap after
{Heap after GC invocations=50 (full 0):
 garbage-first heap   total 190464K, used 100636K [0x0000000080000000, 0x0000000100000000)
  region size 1024K, 7 young (7168K), 7 survivors (7168K)
 Metaspace       used 100713K, committed 102720K, reserved 1179648K
  class space    used 13782K, committed 14784K, reserved 1048576K
}
Event: 36.137 GC heap before
{Heap before GC invocations=50 (full 0):
 garbage-first heap   total 190464K, used 172316K [0x0000000080000000, 0x0000000100000000)
  region size 1024K, 77 young (78848K), 7 survivors (7168K)
 Metaspace       used 107156K, committed 109184K, reserved 1179648K
  class space    used 14692K, committed 15744K, reserved 1048576K
}
Event: 36.159 GC heap after
{Heap after GC invocations=51 (full 0):
 garbage-first heap   total 190464K, used 104782K [0x0000000080000000, 0x0000000100000000)
  region size 1024K, 8 young (8192K), 8 survivors (8192K)
 Metaspace       used 107156K, committed 109184K, reserved 1179648K
  class space    used 14692K, committed 15744K, reserved 1048576K
}
Event: 38.224 GC heap before
{Heap before GC invocations=52 (full 0):
 garbage-first heap   total 190464K, used 175438K [0x0000000080000000, 0x0000000100000000)
  region size 1024K, 73 young (74752K), 8 survivors (8192K)
 Metaspace       used 111950K, committed 114048K, reserved 1179648K
  class space    used 15263K, committed 16320K, reserved 1048576K
}
Event: 38.260 GC heap after
{Heap after GC invocations=53 (full 0):
 garbage-first heap   total 192512K, used 111821K [0x0000000080000000, 0x0000000100000000)
  region size 1024K, 10 young (10240K), 10 survivors (10240K)
 Metaspace       used 111950K, committed 114048K, reserved 1179648K
  class space    used 15263K, committed 16320K, reserved 1048576K
}
Event: 40.070 GC heap before
{Heap before GC invocations=53 (full 0):
 garbage-first heap   total 192512K, used 170189K [0x0000000080000000, 0x0000000100000000)
  region size 1024K, 68 young (69632K), 10 survivors (10240K)
 Metaspace       used 113222K, committed 115328K, reserved 1179648K
  class space    used 15417K, committed 16448K, reserved 1048576K
}
Event: 40.110 GC heap after
{Heap after GC invocations=54 (full 0):
 garbage-first heap   total 192512K, used 117296K [0x0000000080000000, 0x0000000100000000)
  region size 1024K, 7 young (7168K), 7 survivors (7168K)
 Metaspace       used 113222K, committed 115328K, reserved 1179648K
  class space    used 15417K, committed 16448K, reserved 1048576K
}
Event: 41.536 GC heap before
{Heap before GC invocations=54 (full 0):
 garbage-first heap   total 192512K, used 174640K [0x0000000080000000, 0x0000000100000000)
  region size 1024K, 63 young (64512K), 7 survivors (7168K)
 Metaspace       used 113472K, committed 115584K, reserved 1179648K
  class space    used 15466K, committed 16512K, reserved 1048576K
}
Event: 41.551 GC heap after
{Heap after GC invocations=55 (full 0):
 garbage-first heap   total 192512K, used 119599K [0x0000000080000000, 0x0000000100000000)
  region size 1024K, 5 young (5120K), 5 survivors (5120K)
 Metaspace       used 113472K, committed 115584K, reserved 1179648K
  class space    used 15466K, committed 16512K, reserved 1048576K
}
Event: 43.574 GC heap before
{Heap before GC invocations=56 (full 0):
 garbage-first heap   total 208896K, used 173871K [0x0000000080000000, 0x0000000100000000)
  region size 1024K, 59 young (60416K), 5 survivors (5120K)
 Metaspace       used 113760K, committed 115968K, reserved 1179648K
  class space    used 15509K, committed 16640K, reserved 1048576K
}
Event: 43.587 GC heap after
{Heap after GC invocations=57 (full 0):
 garbage-first heap   total 208896K, used 122338K [0x0000000080000000, 0x0000000100000000)
  region size 1024K, 7 young (7168K), 7 survivors (7168K)
 Metaspace       used 113760K, committed 115968K, reserved 1179648K
  class space    used 15509K, committed 16640K, reserved 1048576K
}
Event: 44.410 GC heap before
{Heap before GC invocations=57 (full 0):
 garbage-first heap   total 208896K, used 188898K [0x0000000080000000, 0x0000000100000000)
  region size 1024K, 73 young (74752K), 7 survivors (7168K)
 Metaspace       used 114043K, committed 116224K, reserved 1179648K
  class space    used 15543K, committed 16640K, reserved 1048576K
}
Event: 44.426 GC heap after
{Heap after GC invocations=58 (full 0):
 garbage-first heap   total 208896K, used 121642K [0x0000000080000000, 0x0000000100000000)
  region size 1024K, 7 young (7168K), 7 survivors (7168K)
 Metaspace       used 114043K, committed 116224K, reserved 1179648K
  class space    used 15543K, committed 16640K, reserved 1048576K
}
Event: 45.850 GC heap before
{Heap before GC invocations=58 (full 0):
 garbage-first heap   total 208896K, used 184106K [0x0000000080000000, 0x0000000100000000)
  region size 1024K, 70 young (71680K), 7 survivors (7168K)
 Metaspace       used 117709K, committed 119872K, reserved 1179648K
  class space    used 15957K, committed 17088K, reserved 1048576K
}
Event: 45.868 GC heap after
{Heap after GC invocations=59 (full 0):
 garbage-first heap   total 208896K, used 126849K [0x0000000080000000, 0x0000000100000000)
  region size 1024K, 10 young (10240K), 10 survivors (10240K)
 Metaspace       used 117709K, committed 119872K, reserved 1179648K
  class space    used 15957K, committed 17088K, reserved 1048576K
}
Event: 47.268 GC heap before
{Heap before GC invocations=60 (full 0):
 garbage-first heap   total 239616K, used 185217K [0x0000000080000000, 0x0000000100000000)
  region size 1024K, 66 young (67584K), 10 survivors (10240K)
 Metaspace       used 120965K, committed 123200K, reserved 1179648K
  class space    used 16319K, committed 17472K, reserved 1048576K
}
Event: 47.288 GC heap after
{Heap after GC invocations=61 (full 0):
 garbage-first heap   total 239616K, used 128632K [0x0000000080000000, 0x0000000100000000)
  region size 1024K, 5 young (5120K), 5 survivors (5120K)
 Metaspace       used 120965K, committed 123200K, reserved 1179648K
  class space    used 16319K, committed 17472K, reserved 1048576K
}
Event: 49.401 GC heap before
{Heap before GC invocations=61 (full 0):
 garbage-first heap   total 239616K, used 220792K [0x0000000080000000, 0x0000000100000000)
  region size 1024K, 94 young (96256K), 5 survivors (5120K)
 Metaspace       used 131335K, committed 133632K, reserved 1179648K
  class space    used 17849K, committed 19008K, reserved 1048576K
}

