# JRE version: OpenJDK Runtime Environment (21.0.3) (build 21.0.3+-12282718-b509.11)
# Java VM: OpenJDK 64-Bit Server VM (21.0.3+-12282718-b509.11, mixed mode, tiered, compressed oops, compressed class ptrs, g1 gc, windows-amd64)
GC Precious Log:
 CardTable entry size: 512
 Card Set container configuration: InlinePtr #cards 5 size 8 Array Of Cards #cards 12 size 40 Howl #buckets 4 coarsen threshold 1843 Howl Bitmap #cards 512 size 80 coarsen threshold 460 Card regions per heap region 1 cards per card region 2048
 CPUs: 4 total, 4 available
 Memory: 3503M
 Large Page Support: Disabled
 NUMA Support: Disabled
 Compressed Oops: Enabled (32-bit)
 Heap Region Size: 1M
 Heap Min Capacity: 8M
 Heap Initial Capacity: 56M
 Heap Max Capacity: 2G
 Pre-touch: Disabled
 Parallel Workers: 4
 Concurrent Workers: 1
 Concurrent Refinement Workers: 4
 Periodic GC: Disabled
Heap:
 garbage-first heap   total 148480K, used 88608K [0x0000000080000000, 0x0000000100000000)
  region size 1024K, 10 young (10240K), 7 survivors (7168K)
 Metaspace       used 72529K, committed 74304K, reserved 1114112K
  class space    used 9944K, committed 10880K, reserved 1048576K
GC Heap History (20 events):
Event: 110.466 GC heap before
{Heap before GC invocations=18 (full 0):
 garbage-first heap   total 78848K, used 64876K [0x0000000080000000, 0x0000000100000000)
  region size 1024K, 23 young (23552K), 3 survivors (3072K)
 Metaspace       used 47950K, committed 49216K, reserved 1114112K
  class space    used 6591K, committed 7232K, reserved 1048576K
}
Event: 110.485 GC heap after
{Heap after GC invocations=19 (full 0):
 garbage-first heap   total 78848K, used 47755K [0x0000000080000000, 0x0000000100000000)
  region size 1024K, 3 young (3072K), 3 survivors (3072K)
 Metaspace       used 47950K, committed 49216K, reserved 1114112K
  class space    used 6591K, committed 7232K, reserved 1048576K
}
Event: 111.167 GC heap before
{Heap before GC invocations=20 (full 0):
 garbage-first heap   total 86016K, used 66187K [0x0000000080000000, 0x0000000100000000)
  region size 1024K, 22 young (22528K), 3 survivors (3072K)
 Metaspace       used 48976K, committed 50240K, reserved 1114112K
  class space    used 6673K, committed 7296K, reserved 1048576K
}
Event: 111.211 GC heap after
{Heap after GC invocations=21 (full 0):
 garbage-first heap   total 86016K, used 50488K [0x0000000080000000, 0x0000000100000000)
  region size 1024K, 3 young (3072K), 3 survivors (3072K)
 Metaspace       used 48976K, committed 50240K, reserved 1114112K
  class space    used 6673K, committed 7296K, reserved 1048576K
}
Event: 112.684 GC heap before
{Heap before GC invocations=21 (full 0):
 garbage-first heap   total 86016K, used 79160K [0x0000000080000000, 0x0000000100000000)
  region size 1024K, 26 young (26624K), 3 survivors (3072K)
 Metaspace       used 51423K, committed 52864K, reserved 1114112K
  class space    used 6912K, committed 7616K, reserved 1048576K
}
Event: 112.693 GC heap after
{Heap after GC invocations=22 (full 0):
 garbage-first heap   total 86016K, used 51483K [0x0000000080000000, 0x0000000100000000)
  region size 1024K, 3 young (3072K), 3 survivors (3072K)
 Metaspace       used 51423K, committed 52864K, reserved 1114112K
  class space    used 6912K, committed 7616K, reserved 1048576K
}
Event: 117.867 GC heap before
{Heap before GC invocations=22 (full 0):
 garbage-first heap   total 86016K, used 75035K [0x0000000080000000, 0x0000000100000000)
  region size 1024K, 26 young (26624K), 3 survivors (3072K)
 Metaspace       used 54208K, committed 55744K, reserved 1114112K
  class space    used 7386K, committed 8128K, reserved 1048576K
}
Event: 117.893 GC heap after
{Heap after GC invocations=23 (full 0):
 garbage-first heap   total 86016K, used 52781K [0x0000000080000000, 0x0000000100000000)
  region size 1024K, 2 young (2048K), 2 survivors (2048K)
 Metaspace       used 54208K, committed 55744K, reserved 1114112K
  class space    used 7386K, committed 8128K, reserved 1048576K
}
Event: 128.652 GC heap before
{Heap before GC invocations=24 (full 0):
 garbage-first heap   total 92160K, used 76333K [0x0000000080000000, 0x0000000100000000)
  region size 1024K, 24 young (24576K), 2 survivors (2048K)
 Metaspace       used 55884K, committed 57344K, reserved 1114112K
  class space    used 7656K, committed 8384K, reserved 1048576K
}
Event: 128.680 GC heap after
{Heap after GC invocations=25 (full 0):
 garbage-first heap   total 92160K, used 58884K [0x0000000080000000, 0x0000000100000000)
  region size 1024K, 3 young (3072K), 3 survivors (3072K)
 Metaspace       used 55884K, committed 57344K, reserved 1114112K
  class space    used 7656K, committed 8384K, reserved 1048576K
}
Event: 149.605 GC heap before
{Heap before GC invocations=25 (full 0):
 garbage-first heap   total 93184K, used 91652K [0x0000000080000000, 0x0000000100000000)
  region size 1024K, 22 young (22528K), 3 survivors (3072K)
 Metaspace       used 57405K, committed 58880K, reserved 1114112K
  class space    used 7732K, committed 8448K, reserved 1048576K
}
Event: 149.665 GC heap after
{Heap after GC invocations=26 (full 0):
 garbage-first heap   total 102400K, used 76695K [0x0000000080000000, 0x0000000100000000)
  region size 1024K, 4 young (4096K), 4 survivors (4096K)
 Metaspace       used 57405K, committed 58880K, reserved 1114112K
  class space    used 7732K, committed 8448K, reserved 1048576K
}
Event: 153.532 GC heap before
{Heap before GC invocations=26 (full 0):
 garbage-first heap   total 102400K, used 92055K [0x0000000080000000, 0x0000000100000000)
  region size 1024K, 19 young (19456K), 4 survivors (4096K)
 Metaspace       used 58414K, committed 59968K, reserved 1114112K
  class space    used 7870K, committed 8640K, reserved 1048576K
}
Event: 153.552 GC heap after
{Heap after GC invocations=27 (full 0):
 garbage-first heap   total 102400K, used 77356K [0x0000000080000000, 0x0000000100000000)
  region size 1024K, 1 young (1024K), 1 survivors (1024K)
 Metaspace       used 58414K, committed 59968K, reserved 1114112K
  class space    used 7870K, committed 8640K, reserved 1048576K
}
Event: 155.071 GC heap before
{Heap before GC invocations=28 (full 0):
 garbage-first heap   total 148480K, used 91692K [0x0000000080000000, 0x0000000100000000)
  region size 1024K, 16 young (16384K), 1 survivors (1024K)
 Metaspace       used 58716K, committed 60288K, reserved 1114112K
  class space    used 7920K, committed 8704K, reserved 1048576K
}
Event: 155.077 GC heap after
{Heap after GC invocations=29 (full 0):
 garbage-first heap   total 148480K, used 78242K [0x0000000080000000, 0x0000000100000000)
  region size 1024K, 2 young (2048K), 2 survivors (2048K)
 Metaspace       used 58716K, committed 60288K, reserved 1114112K
  class space    used 7920K, committed 8704K, reserved 1048576K
}
Event: 163.615 GC heap before
{Heap before GC invocations=29 (full 0):
 garbage-first heap   total 148480K, used 131490K [0x0000000080000000, 0x0000000100000000)
  region size 1024K, 54 young (55296K), 2 survivors (2048K)
 Metaspace       used 65934K, committed 67584K, reserved 1114112K
  class space    used 8975K, committed 9792K, reserved 1048576K
}
Event: 163.629 GC heap after
{Heap after GC invocations=30 (full 0):
 garbage-first heap   total 148480K, used 79185K [0x0000000080000000, 0x0000000100000000)
  region size 1024K, 4 young (4096K), 4 survivors (4096K)
 Metaspace       used 65934K, committed 67584K, reserved 1114112K
  class space    used 8975K, committed 9792K, reserved 1048576K
}
Event: 172.331 GC heap before
{Heap before GC invocations=30 (full 0):
 garbage-first heap   total 148480K, used 134481K [0x0000000080000000, 0x0000000100000000)
  region size 1024K, 58 young (59392K), 4 survivors (4096K)
 Metaspace       used 71751K, committed 73536K, reserved 1114112K
  class space    used 9911K, committed 10816K, reserved 1048576K
}
Event: 172.351 GC heap after
{Heap after GC invocations=31 (full 0):
 garbage-first heap   total 148480K, used 83123K [0x0000000080000000, 0x0000000100000000)
  region size 1024K, 8 young (8192K), 8 survivors (8192K)
 Metaspace       used 71751K, committed 73536K, reserved 1114112K
  class space    used 9911K, committed 10816K, reserved 1048576K
}

