# JRE version: OpenJDK Runtime Environment (21.0.3) (build 21.0.3+-12282718-b509.11)
# Java VM: OpenJDK 64-Bit Server VM (21.0.3+-12282718-b509.11, mixed mode, tiered, compressed oops, compressed class ptrs, g1 gc, windows-amd64)
GC Precious Log:
 CardTable entry size: 512
 Card Set container configuration: InlinePtr #cards 5 size 8 Array Of Cards #cards 12 size 40 Howl #buckets 4 coarsen threshold 1843 Howl Bitmap #cards 512 size 80 coarsen threshold 460 Card regions per heap region 1 cards per card region 2048
 CPUs: 4 total, 4 available
 Memory: 3503M
 Large Page Support: Disabled
 NUMA Support: Disabled
 Compressed Oops: Enabled (32-bit)
 Heap Region Size: 1M
 Heap Min Capacity: 8M
 Heap Initial Capacity: 56M
 Heap Max Capacity: 2G
 Pre-touch: Disabled
 Parallel Workers: 4
 Concurrent Workers: 1
 Concurrent Refinement Workers: 4
 Periodic GC: Disabled
Heap:
 garbage-first heap   total 271360K, used 177395K [0x0000000080000000, 0x0000000100000000)
  region size 1024K, 19 young (19456K), 2 survivors (2048K)
 Metaspace       used 161718K, committed 164288K, reserved 1245184K
  class space    used 21472K, committed 22784K, reserved 1048576K
GC Heap History (20 events):
Event: 45.364 GC heap before
{Heap before GC invocations=55 (full 0):
 garbage-first heap   total 219136K, used 182254K [0x0000000080000000, 0x0000000100000000)
  region size 1024K, 64 young (65536K), 5 survivors (5120K)
 Metaspace       used 121287K, committed 123392K, reserved 1179648K
  class space    used 16454K, committed 17536K, reserved 1048576K
}
Event: 45.384 GC heap after
{Heap after GC invocations=56 (full 0):
 garbage-first heap   total 219136K, used 133632K [0x0000000080000000, 0x0000000100000000)
  region size 1024K, 8 young (8192K), 8 survivors (8192K)
 Metaspace       used 121287K, committed 123392K, reserved 1179648K
  class space    used 16454K, committed 17536K, reserved 1048576K
}
Event: 47.405 GC heap before
{Heap before GC invocations=56 (full 0):
 garbage-first heap   total 219136K, used 216575K [0x0000000080000000, 0x0000000100000000)
  region size 1024K, 65 young (66560K), 8 survivors (8192K)
 Metaspace       used 123433K, committed 125568K, reserved 1179648K
  class space    used 16675K, committed 17792K, reserved 1048576K
}
Event: 47.438 GC heap after
{Heap after GC invocations=57 (full 0):
 garbage-first heap   total 239616K, used 143872K [0x0000000080000000, 0x0000000100000000)
  region size 1024K, 9 young (9216K), 9 survivors (9216K)
 Metaspace       used 123433K, committed 125568K, reserved 1179648K
  class space    used 16675K, committed 17792K, reserved 1048576K
}
Event: 51.175 GC heap before
{Heap before GC invocations=57 (full 0):
 garbage-first heap   total 239616K, used 204288K [0x0000000080000000, 0x0000000100000000)
  region size 1024K, 69 young (70656K), 9 survivors (9216K)
 Metaspace       used 124580K, committed 126720K, reserved 1179648K
  class space    used 16798K, committed 17920K, reserved 1048576K
}
Event: 51.196 GC heap after
{Heap after GC invocations=58 (full 0):
 garbage-first heap   total 239616K, used 149428K [0x0000000080000000, 0x0000000100000000)
  region size 1024K, 5 young (5120K), 5 survivors (5120K)
 Metaspace       used 124580K, committed 126720K, reserved 1179648K
  class space    used 16798K, committed 17920K, reserved 1048576K
}
Event: 52.234 GC heap before
{Heap before GC invocations=58 (full 0):
 garbage-first heap   total 239616K, used 208820K [0x0000000080000000, 0x0000000100000000)
  region size 1024K, 64 young (65536K), 5 survivors (5120K)
 Metaspace       used 124660K, committed 126784K, reserved 1179648K
  class space    used 16806K, committed 17920K, reserved 1048576K
}
Event: 52.246 GC heap after
{Heap after GC invocations=59 (full 0):
 garbage-first heap   total 239616K, used 150797K [0x0000000080000000, 0x0000000100000000)
  region size 1024K, 6 young (6144K), 6 survivors (6144K)
 Metaspace       used 124660K, committed 126784K, reserved 1179648K
  class space    used 16806K, committed 17920K, reserved 1048576K
}
Event: 54.884 GC heap before
{Heap before GC invocations=59 (full 0):
 garbage-first heap   total 239616K, used 212237K [0x0000000080000000, 0x0000000100000000)
  region size 1024K, 67 young (68608K), 6 survivors (6144K)
 Metaspace       used 125803K, committed 128000K, reserved 1179648K
  class space    used 16932K, committed 18048K, reserved 1048576K
}
Event: 54.901 GC heap after
{Heap after GC invocations=60 (full 0):
 garbage-first heap   total 239616K, used 155731K [0x0000000080000000, 0x0000000100000000)
  region size 1024K, 9 young (9216K), 9 survivors (9216K)
 Metaspace       used 125803K, committed 128000K, reserved 1179648K
  class space    used 16932K, committed 18048K, reserved 1048576K
}
Event: 65.075 GC heap before
{Heap before GC invocations=60 (full 0):
 garbage-first heap   total 239616K, used 214099K [0x0000000080000000, 0x0000000100000000)
  region size 1024K, 67 young (68608K), 9 survivors (9216K)
 Metaspace       used 126125K, committed 128256K, reserved 1179648K
  class space    used 16963K, committed 18048K, reserved 1048576K
}
Event: 65.150 GC heap after
{Heap after GC invocations=61 (full 0):
 garbage-first heap   total 239616K, used 161605K [0x0000000080000000, 0x0000000100000000)
  region size 1024K, 9 young (9216K), 9 survivors (9216K)
 Metaspace       used 126125K, committed 128256K, reserved 1179648K
  class space    used 16963K, committed 18048K, reserved 1048576K
}
Event: 67.225 GC heap before
{Heap before GC invocations=62 (full 0):
 garbage-first heap   total 271360K, used 198469K [0x0000000080000000, 0x0000000100000000)
  region size 1024K, 61 young (62464K), 9 survivors (9216K)
 Metaspace       used 126959K, committed 129152K, reserved 1179648K
  class space    used 17076K, committed 18176K, reserved 1048576K
}
Event: 67.239 GC heap after
{Heap after GC invocations=63 (full 0):
 garbage-first heap   total 271360K, used 144580K [0x0000000080000000, 0x0000000100000000)
  region size 1024K, 4 young (4096K), 4 survivors (4096K)
 Metaspace       used 126959K, committed 129152K, reserved 1179648K
  class space    used 17076K, committed 18176K, reserved 1048576K
}
Event: 70.462 GC heap before
{Heap before GC invocations=63 (full 0):
 garbage-first heap   total 271360K, used 248004K [0x0000000080000000, 0x0000000100000000)
  region size 1024K, 102 young (104448K), 4 survivors (4096K)
 Metaspace       used 144036K, committed 146240K, reserved 1179648K
  class space    used 19307K, committed 20416K, reserved 1048576K
}
Event: 70.498 GC heap after
{Heap after GC invocations=64 (full 0):
 garbage-first heap   total 271360K, used 152221K [0x0000000080000000, 0x0000000100000000)
  region size 1024K, 13 young (13312K), 13 survivors (13312K)
 Metaspace       used 144036K, committed 146240K, reserved 1179648K
  class space    used 19307K, committed 20416K, reserved 1048576K
}
Event: 72.872 GC heap before
{Heap before GC invocations=64 (full 0):
 garbage-first heap   total 271360K, used 241309K [0x0000000080000000, 0x0000000100000000)
  region size 1024K, 100 young (102400K), 13 survivors (13312K)
 Metaspace       used 159723K, committed 162240K, reserved 1245184K
  class space    used 21249K, committed 22528K, reserved 1048576K
}
Event: 72.918 GC heap after
{Heap after GC invocations=65 (full 0):
 garbage-first heap   total 271360K, used 158720K [0x0000000080000000, 0x0000000100000000)
  region size 1024K, 8 young (8192K), 8 survivors (8192K)
 Metaspace       used 159723K, committed 162240K, reserved 1245184K
  class space    used 21249K, committed 22528K, reserved 1048576K
}
Event: 73.437 GC heap before
{Heap before GC invocations=65 (full 0):
 garbage-first heap   total 271360K, used 169984K [0x0000000080000000, 0x0000000100000000)
  region size 1024K, 20 young (20480K), 8 survivors (8192K)
 Metaspace       used 161627K, committed 164224K, reserved 1245184K
  class space    used 21472K, committed 22784K, reserved 1048576K
}
Event: 73.450 GC heap after
{Heap after GC invocations=66 (full 0):
 garbage-first heap   total 271360K, used 159987K [0x0000000080000000, 0x0000000100000000)
  region size 1024K, 2 young (2048K), 2 survivors (2048K)
 Metaspace       used 161627K, committed 164224K, reserved 1245184K
  class space    used 21472K, committed 22784K, reserved 1048576K
}

