# JRE version: OpenJDK Runtime Environment (21.0.3) (build 21.0.3+-12282718-b509.11)
# Java VM: OpenJDK 64-Bit Server VM (21.0.3+-12282718-b509.11, mixed mode, tiered, compressed oops, compressed class ptrs, g1 gc, windows-amd64)
GC Precious Log:
 CardTable entry size: 512
 Card Set container configuration: InlinePtr #cards 5 size 8 Array Of Cards #cards 12 size 40 Howl #buckets 4 coarsen threshold 1843 Howl Bitmap #cards 512 size 80 coarsen threshold 460 Card regions per heap region 1 cards per card region 2048
 CPUs: 4 total, 4 available
 Memory: 3503M
 Large Page Support: Disabled
 NUMA Support: Disabled
 Compressed Oops: Enabled (32-bit)
 Heap Region Size: 1M
 Heap Min Capacity: 8M
 Heap Initial Capacity: 56M
 Heap Max Capacity: 2G
 Pre-touch: Disabled
 Parallel Workers: 4
 Concurrent Workers: 1
 Concurrent Refinement Workers: 4
 Periodic GC: Disabled
Heap:
 garbage-first heap   total 98304K, used 79124K [0x0000000080000000, 0x0000000100000000)
  region size 1024K, 33 young (33792K), 3 survivors (3072K)
 Metaspace       used 66485K, committed 68096K, reserved 1114112K
  class space    used 9117K, committed 9920K, reserved 1048576K
GC Heap History (20 events):
Event: 12.928 GC heap before
{Heap before GC invocations=17 (full 0):
 garbage-first heap   total 69632K, used 61460K [0x0000000080000000, 0x0000000100000000)
  region size 1024K, 26 young (26624K), 2 survivors (2048K)
 Metaspace       used 56092K, committed 57536K, reserved 1114112K
  class space    used 7638K, committed 8320K, reserved 1048576K
}
Event: 12.933 GC heap after
{Heap after GC invocations=18 (full 0):
 garbage-first heap   total 69632K, used 38395K [0x0000000080000000, 0x0000000100000000)
  region size 1024K, 3 young (3072K), 3 survivors (3072K)
 Metaspace       used 56092K, committed 57536K, reserved 1114112K
  class space    used 7638K, committed 8320K, reserved 1048576K
}
Event: 13.576 GC heap before
{Heap before GC invocations=18 (full 0):
 garbage-first heap   total 69632K, used 59899K [0x0000000080000000, 0x0000000100000000)
  region size 1024K, 25 young (25600K), 3 survivors (3072K)
 Metaspace       used 59322K, committed 60800K, reserved 1114112K
  class space    used 8123K, committed 8832K, reserved 1048576K
}
Event: 13.582 GC heap after
{Heap after GC invocations=19 (full 0):
 garbage-first heap   total 69632K, used 39341K [0x0000000080000000, 0x0000000100000000)
  region size 1024K, 3 young (3072K), 3 survivors (3072K)
 Metaspace       used 59322K, committed 60800K, reserved 1114112K
  class space    used 8123K, committed 8832K, reserved 1048576K
}
Event: 14.502 GC heap before
{Heap before GC invocations=20 (full 0):
 garbage-first heap   total 70656K, used 61869K [0x0000000080000000, 0x0000000100000000)
  region size 1024K, 25 young (25600K), 3 survivors (3072K)
 Metaspace       used 62149K, committed 63744K, reserved 1114112K
  class space    used 8613K, committed 9408K, reserved 1048576K
}
Event: 14.510 GC heap after
{Heap after GC invocations=21 (full 0):
 garbage-first heap   total 70656K, used 41012K [0x0000000080000000, 0x0000000100000000)
  region size 1024K, 4 young (4096K), 4 survivors (4096K)
 Metaspace       used 62149K, committed 63744K, reserved 1114112K
  class space    used 8613K, committed 9408K, reserved 1048576K
}
Event: 15.476 GC heap before
{Heap before GC invocations=21 (full 0):
 garbage-first heap   total 70656K, used 61492K [0x0000000080000000, 0x0000000100000000)
  region size 1024K, 24 young (24576K), 4 survivors (4096K)
 Metaspace       used 64562K, committed 66176K, reserved 1114112K
  class space    used 8960K, committed 9728K, reserved 1048576K
}
Event: 15.484 GC heap after
{Heap after GC invocations=22 (full 0):
 garbage-first heap   total 70656K, used 41828K [0x0000000080000000, 0x0000000100000000)
  region size 1024K, 3 young (3072K), 3 survivors (3072K)
 Metaspace       used 64562K, committed 66176K, reserved 1114112K
  class space    used 8960K, committed 9728K, reserved 1048576K
}
Event: 16.709 GC heap before
{Heap before GC invocations=22 (full 0):
 garbage-first heap   total 70656K, used 62308K [0x0000000080000000, 0x0000000100000000)
  region size 1024K, 24 young (24576K), 3 survivors (3072K)
 Metaspace       used 65606K, committed 67200K, reserved 1114112K
  class space    used 9065K, committed 9856K, reserved 1048576K
}
Event: 16.720 GC heap after
{Heap after GC invocations=23 (full 0):
 garbage-first heap   total 70656K, used 44995K [0x0000000080000000, 0x0000000100000000)
  region size 1024K, 3 young (3072K), 3 survivors (3072K)
 Metaspace       used 65606K, committed 67200K, reserved 1114112K
  class space    used 9065K, committed 9856K, reserved 1048576K
}
Event: 17.152 GC heap before
{Heap before GC invocations=24 (full 0):
 garbage-first heap   total 81920K, used 62403K [0x0000000080000000, 0x0000000100000000)
  region size 1024K, 21 young (21504K), 3 survivors (3072K)
 Metaspace       used 65865K, committed 67456K, reserved 1114112K
  class space    used 9088K, committed 9856K, reserved 1048576K
}
Event: 17.161 GC heap after
{Heap after GC invocations=25 (full 0):
 garbage-first heap   total 81920K, used 48262K [0x0000000080000000, 0x0000000100000000)
  region size 1024K, 3 young (3072K), 3 survivors (3072K)
 Metaspace       used 65865K, committed 67456K, reserved 1114112K
  class space    used 9088K, committed 9856K, reserved 1048576K
}
Event: 17.777 GC heap before
{Heap before GC invocations=25 (full 0):
 garbage-first heap   total 81920K, used 70790K [0x0000000080000000, 0x0000000100000000)
  region size 1024K, 26 young (26624K), 3 survivors (3072K)
 Metaspace       used 66145K, committed 67776K, reserved 1114112K
  class space    used 9110K, committed 9920K, reserved 1048576K
}
Event: 17.784 GC heap after
{Heap after GC invocations=26 (full 0):
 garbage-first heap   total 81920K, used 48853K [0x0000000080000000, 0x0000000100000000)
  region size 1024K, 3 young (3072K), 3 survivors (3072K)
 Metaspace       used 66145K, committed 67776K, reserved 1114112K
  class space    used 9110K, committed 9920K, reserved 1048576K
}
Event: 18.524 GC heap before
{Heap before GC invocations=26 (full 0):
 garbage-first heap   total 81920K, used 71381K [0x0000000080000000, 0x0000000100000000)
  region size 1024K, 25 young (25600K), 3 survivors (3072K)
 Metaspace       used 66360K, committed 67968K, reserved 1114112K
  class space    used 9116K, committed 9920K, reserved 1048576K
}
Event: 18.584 GC heap after
{Heap after GC invocations=27 (full 0):
 garbage-first heap   total 98304K, used 49462K [0x0000000080000000, 0x0000000100000000)
  region size 1024K, 3 young (3072K), 3 survivors (3072K)
 Metaspace       used 66360K, committed 67968K, reserved 1114112K
  class space    used 9116K, committed 9920K, reserved 1048576K
}
Event: 19.384 GC heap before
{Heap before GC invocations=28 (full 0):
 garbage-first heap   total 98304K, used 83254K [0x0000000080000000, 0x0000000100000000)
  region size 1024K, 37 young (37888K), 3 survivors (3072K)
 Metaspace       used 66459K, committed 68096K, reserved 1114112K
  class space    used 9116K, committed 9920K, reserved 1048576K
}
Event: 19.390 GC heap after
{Heap after GC invocations=29 (full 0):
 garbage-first heap   total 98304K, used 50292K [0x0000000080000000, 0x0000000100000000)
  region size 1024K, 4 young (4096K), 4 survivors (4096K)
 Metaspace       used 66459K, committed 68096K, reserved 1114112K
  class space    used 9116K, committed 9920K, reserved 1048576K
}
Event: 20.028 GC heap before
{Heap before GC invocations=29 (full 0):
 garbage-first heap   total 98304K, used 84084K [0x0000000080000000, 0x0000000100000000)
  region size 1024K, 38 young (38912K), 4 survivors (4096K)
 Metaspace       used 66475K, committed 68096K, reserved 1114112K
  class space    used 9117K, committed 9920K, reserved 1048576K
}
Event: 20.035 GC heap after
{Heap after GC invocations=30 (full 0):
 garbage-first heap   total 98304K, used 49428K [0x0000000080000000, 0x0000000100000000)
  region size 1024K, 3 young (3072K), 3 survivors (3072K)
 Metaspace       used 66475K, committed 68096K, reserved 1114112K
  class space    used 9117K, committed 9920K, reserved 1048576K
}

